<?xml version="1.0" encoding="UTF-8"?>
<testng-results skipped="0" failed="0" ignored="0" total="1" passed="1">
  <reporter-output>
  </reporter-output>
  <suite name="Default suite" duration-ms="6781" started-at="2018-03-26T23:53:14Z" finished-at="2018-03-26T23:53:21Z">
    <groups>
    </groups>
    <test name="Default test" duration-ms="6781" started-at="2018-03-26T23:53:14Z" finished-at="2018-03-26T23:53:21Z">
      <class name="TestSuite.LoginTest">
        <test-method status="PASS" signature="setup()[pri:0, instance:TestSuite.LoginTest@52feb982]" name="setup" is-config="true" duration-ms="5152" started-at="2018-03-26T23:53:14Z" finished-at="2018-03-26T23:53:20Z">
          <reporter-output>
          </reporter-output>
        </test-method> <!-- setup -->
        <test-method status="PASS" signature="verify2()[pri:1, instance:TestSuite.LoginTest@52feb982]" name="verify2" duration-ms="1597" started-at="2018-03-26T23:53:20Z" finished-at="2018-03-26T23:53:21Z">
          <reporter-output>
          </reporter-output>
        </test-method> <!-- verify2 -->
      </class> <!-- TestSuite.LoginTest -->
    </test> <!-- Default test -->
  </suite> <!-- Default suite -->
</testng-results>
